<?xml version="1.0" encoding="UTF-8"?>
<testsuite name="com.builders.services.BuilderServiceTest" tests="1" skipped="0" failures="0" errors="0" timestamp="2021-06-16T09:03:10" hostname="EPBYBREW0003" time="0.006">
  <properties/>
  <testcase name="testHello" classname="com.builders.services.BuilderServiceTest" time="0.006"/>
  <system-out><![CDATA[]]></system-out>
  <system-err><![CDATA[]]></system-err>
</testsuite>
