<?xml version="1.0" encoding="UTF-8"?>
<testsuite name="com.epam.ld.module2.testing.MockTesting" tests="2" skipped="0" failures="0" errors="0" timestamp="2021-06-18T09:08:55" hostname="EPBYBREW0003" time="0.241">
  <properties/>
  <testcase name="Mock reading from console" classname="com.epam.ld.module2.testing.MockTesting" time="0.236"/>
  <testcase name="Mock Spy" classname="com.epam.ld.module2.testing.MockTesting" time="0.005"/>
  <system-out><![CDATA[]]></system-out>
  <system-err><![CDATA[]]></system-err>
</testsuite>
