<?xml version="1.0" encoding="UTF-8"?>
<testsuite name="com.epam.ld.module2.testing.MailServerTest" tests="11" skipped="1" failures="0" errors="0" timestamp="2021-06-18T09:08:55" hostname="EPBYBREW0003" time="0.074">
  <properties/>
  <testcase name="This is TemporaryFolder rule" classname="com.epam.ld.module2.testing.MailServerTest" time="0.024"/>
  <testcase name="This is Disabling test" classname="com.epam.ld.module2.testing.MailServerTest" time="0.001">
    <skipped/>
  </testcase>
  <testcase name="testSendMessage()" classname="com.epam.ld.module2.testing.MailServerTest" time="0.004"/>
  <testcase name="Dynamic Test for temlate" classname="com.epam.ld.module2.testing.MailServerTest" time="0.001"/>
  <testcase name="Dynamic Test for temlate" classname="com.epam.ld.module2.testing.MailServerTest" time="0.0"/>
  <testcase name="Dynamic Test for temlate" classname="com.epam.ld.module2.testing.MailServerTest" time="0.0"/>
  <testcase name="This is Exception with Assertation2" classname="com.epam.ld.module2.testing.MailServerTest" time="0.002"/>
  <testcase name="This is Exception with Assertation" classname="com.epam.ld.module2.testing.MailServerTest" time="0.002"/>
  <testcase name="[1] Minsk" classname="com.epam.ld.module2.testing.MailServerTest" time="0.01"/>
  <testcase name="[2] Brest" classname="com.epam.ld.module2.testing.MailServerTest" time="0.002"/>
  <testcase name="[3] Vitebsk" classname="com.epam.ld.module2.testing.MailServerTest" time="0.002"/>
  <system-out><![CDATA[LET'S START...
START OUR TEST
FINISHED ONE MORE TEST. LET'S GO TO ANOTHER ONE....

START OUR TEST
ADDRESS: Brest, Moskovskaja 330
SEND TO: Brest, Moskovskaja 330
Hello everybody (from message 1)

FINISHED ONE MORE TEST. LET'S GO TO ANOTHER ONE....

START OUR TEST
ADDRESS: Minsk
SEND TO: Minsk
Hello everybody (from message 1)

ADDRESS: Brest
SEND TO: Brest
Hello everybody (from message 2)

ADDRESS: Vitebsk
SEND TO: Vitebsk
Hello everybody (from message 3)

FINISHED ONE MORE TEST. LET'S GO TO ANOTHER ONE....

START OUR TEST
FINISHED ONE MORE TEST. LET'S GO TO ANOTHER ONE....

START OUR TEST
FINISHED ONE MORE TEST. LET'S GO TO ANOTHER ONE....

START OUR TEST
ADDRESS: Minsk
SEND TO: Minsk
Hello everybody (from message 1)

FINISHED ONE MORE TEST. LET'S GO TO ANOTHER ONE....

START OUR TEST
ADDRESS: Brest
SEND TO: Brest
Hello everybody (from message 1)

FINISHED ONE MORE TEST. LET'S GO TO ANOTHER ONE....

START OUR TEST
ADDRESS: Vitebsk
SEND TO: Vitebsk
Hello everybody (from message 1)

FINISHED ONE MORE TEST. LET'S GO TO ANOTHER ONE....

THE END!!!
]]></system-out>
  <system-err><![CDATA[]]></system-err>
</testsuite>
